# JRE version: OpenJDK Runtime Environment Temurin-21.0.9+10 (21.0.9+10) (build 21.0.9+10-LTS)
# Java VM: OpenJDK 64-Bit Server VM Temurin-21.0.9+10 (21.0.9+10-LTS, mixed mode, sharing, tiered, compressed oops, compressed class ptrs, parallel gc, windows-amd64)
GC Precious Log:
 CardTable entry size: 512
 CPUs: 8 total, 8 available
 Memory: 8043M
 Large Page Support: Disabled
 NUMA Support: Disabled
 Compressed Oops: Enabled (32-bit)
 Alignments: Space 512K, Generation 512K, Heap 2M
 Heap Min Capacity: 100M
 Heap Initial Capacity: 100M
 Heap Max Capacity: 2G
 Pre-touch: Disabled
 Parallel Workers: 8
Heap:
 PSYoungGen      total 7168K, used 1783K [0x00000000d5580000, 0x00000000d5e00000, 0x0000000100000000)
  eden space 6656K, 22% used [0x00000000d5580000,0x00000000d56fde40,0x00000000d5c00000)
  from space 512K, 50% used [0x00000000d5d80000,0x00000000d5dc0000,0x00000000d5e00000)
  to   space 512K, 0% used [0x00000000d5d00000,0x00000000d5d00000,0x00000000d5d80000)
 ParOldGen       total 87040K, used 86945K [0x0000000080000000, 0x0000000085500000, 0x00000000d5580000)
  object space 87040K, 99% used [0x0000000080000000,0x00000000854e84e8,0x0000000085500000)
 Metaspace       used 66591K, committed 68160K, reserved 1114112K
  class space    used 7016K, committed 7680K, reserved 1048576K
GC Heap History (20 events):
Event: 43.182 GC heap before
{Heap before GC invocations=106 (full 3):
 PSYoungGen      total 8192K, used 7872K [0x00000000d5580000, 0x00000000d5f00000, 0x0000000100000000)
  eden space 7168K, 100% used [0x00000000d5580000,0x00000000d5c80000,0x00000000d5c80000)
  from space 1024K, 68% used [0x00000000d5e00000,0x00000000d5eb0000,0x00000000d5f00000)
  to   space 1024K, 0% used [0x00000000d5d00000,0x00000000d5d00000,0x00000000d5e00000)
 ParOldGen       total 81920K, used 81745K [0x0000000080000000, 0x0000000085000000, 0x00000000d5580000)
  object space 81920K, 99% used [0x0000000080000000,0x0000000084fd4788,0x0000000085000000)
 Metaspace       used 64375K, committed 65856K, reserved 1114112K
  class space    used 6825K, committed 7488K, reserved 1048576K
}
Event: 43.184 GC heap after
{Heap after GC invocations=106 (full 3):
 PSYoungGen      total 8192K, used 992K [0x00000000d5580000, 0x00000000d5f80000, 0x0000000100000000)
  eden space 7168K, 0% used [0x00000000d5580000,0x00000000d5580000,0x00000000d5c80000)
  from space 1024K, 96% used [0x00000000d5d00000,0x00000000d5df8020,0x00000000d5e00000)
  to   space 1536K, 0% used [0x00000000d5e00000,0x00000000d5e00000,0x00000000d5f80000)
 ParOldGen       total 82432K, used 82073K [0x0000000080000000, 0x0000000085080000, 0x00000000d5580000)
  object space 82432K, 99% used [0x0000000080000000,0x0000000085026788,0x0000000085080000)
 Metaspace       used 64375K, committed 65856K, reserved 1114112K
  class space    used 6825K, committed 7488K, reserved 1048576K
}
Event: 43.606 GC heap before
{Heap before GC invocations=107 (full 3):
 PSYoungGen      total 8192K, used 8160K [0x00000000d5580000, 0x00000000d5f80000, 0x0000000100000000)
  eden space 7168K, 100% used [0x00000000d5580000,0x00000000d5c80000,0x00000000d5c80000)
  from space 1024K, 96% used [0x00000000d5d00000,0x00000000d5df8020,0x00000000d5e00000)
  to   space 1536K, 0% used [0x00000000d5e00000,0x00000000d5e00000,0x00000000d5f80000)
 ParOldGen       total 82432K, used 82179K [0x0000000080000000, 0x0000000085080000, 0x00000000d5580000)
  object space 82432K, 99% used [0x0000000080000000,0x0000000085040dc0,0x0000000085080000)
 Metaspace       used 64717K, committed 66304K, reserved 1114112K
  class space    used 6851K, committed 7552K, reserved 1048576K
}
Event: 43.610 GC heap after
{Heap after GC invocations=107 (full 3):
 PSYoungGen      total 8192K, used 1491K [0x00000000d5580000, 0x00000000d6080000, 0x0000000100000000)
  eden space 6656K, 0% used [0x00000000d5580000,0x00000000d5580000,0x00000000d5c00000)
  from space 1536K, 97% used [0x00000000d5e00000,0x00000000d5f74e80,0x00000000d5f80000)
  to   space 2048K, 0% used [0x00000000d5c00000,0x00000000d5c00000,0x00000000d5e00000)
 ParOldGen       total 83456K, used 83082K [0x0000000080000000, 0x0000000085180000, 0x00000000d5580000)
  object space 83456K, 99% used [0x0000000080000000,0x0000000085122a90,0x0000000085180000)
 Metaspace       used 64717K, committed 66304K, reserved 1114112K
  class space    used 6851K, committed 7552K, reserved 1048576K
}
Event: 43.765 GC heap before
{Heap before GC invocations=108 (full 3):
 PSYoungGen      total 8192K, used 8147K [0x00000000d5580000, 0x00000000d6080000, 0x0000000100000000)
  eden space 6656K, 100% used [0x00000000d5580000,0x00000000d5c00000,0x00000000d5c00000)
  from space 1536K, 97% used [0x00000000d5e00000,0x00000000d5f74e80,0x00000000d5f80000)
  to   space 2048K, 0% used [0x00000000d5c00000,0x00000000d5c00000,0x00000000d5e00000)
 ParOldGen       total 83456K, used 83082K [0x0000000080000000, 0x0000000085180000, 0x00000000d5580000)
  object space 83456K, 99% used [0x0000000080000000,0x0000000085122a90,0x0000000085180000)
 Metaspace       used 64941K, committed 66560K, reserved 1114112K
  class space    used 6868K, committed 7552K, reserved 1048576K
}
Event: 43.767 GC heap after
{Heap after GC invocations=108 (full 3):
 PSYoungGen      total 7168K, used 416K [0x00000000d5580000, 0x00000000d5e80000, 0x0000000100000000)
  eden space 6656K, 0% used [0x00000000d5580000,0x00000000d5580000,0x00000000d5c00000)
  from space 512K, 81% used [0x00000000d5c00000,0x00000000d5c68020,0x00000000d5c80000)
  to   space 1024K, 0% used [0x00000000d5d80000,0x00000000d5d80000,0x00000000d5e80000)
 ParOldGen       total 84480K, used 84278K [0x0000000080000000, 0x0000000085280000, 0x00000000d5580000)
  object space 84480K, 99% used [0x0000000080000000,0x000000008524dab0,0x0000000085280000)
 Metaspace       used 64941K, committed 66560K, reserved 1114112K
  class space    used 6868K, committed 7552K, reserved 1048576K
}
Event: 44.354 GC heap before
{Heap before GC invocations=109 (full 3):
 PSYoungGen      total 7168K, used 7071K [0x00000000d5580000, 0x00000000d5e80000, 0x0000000100000000)
  eden space 6656K, 99% used [0x00000000d5580000,0x00000000d5bfff78,0x00000000d5c00000)
  from space 512K, 81% used [0x00000000d5c00000,0x00000000d5c68020,0x00000000d5c80000)
  to   space 1024K, 0% used [0x00000000d5d80000,0x00000000d5d80000,0x00000000d5e80000)
 ParOldGen       total 84480K, used 84278K [0x0000000080000000, 0x0000000085280000, 0x00000000d5580000)
  object space 84480K, 99% used [0x0000000080000000,0x000000008524dab0,0x0000000085280000)
 Metaspace       used 65576K, committed 67072K, reserved 1114112K
  class space    used 6921K, committed 7552K, reserved 1048576K
}
Event: 44.355 GC heap after
{Heap after GC invocations=109 (full 3):
 PSYoungGen      total 7680K, used 622K [0x00000000d5580000, 0x00000000d5e80000, 0x0000000100000000)
  eden space 6656K, 0% used [0x00000000d5580000,0x00000000d5580000,0x00000000d5c00000)
  from space 1024K, 60% used [0x00000000d5d80000,0x00000000d5e1bb60,0x00000000d5e80000)
  to   space 1024K, 0% used [0x00000000d5c80000,0x00000000d5c80000,0x00000000d5d80000)
 ParOldGen       total 84992K, used 84510K [0x0000000080000000, 0x0000000085300000, 0x00000000d5580000)
  object space 84992K, 99% used [0x0000000080000000,0x0000000085287ad0,0x0000000085300000)
 Metaspace       used 65576K, committed 67072K, reserved 1114112K
  class space    used 6921K, committed 7552K, reserved 1048576K
}
Event: 44.401 GC heap before
{Heap before GC invocations=110 (full 3):
 PSYoungGen      total 7680K, used 7278K [0x00000000d5580000, 0x00000000d5e80000, 0x0000000100000000)
  eden space 6656K, 100% used [0x00000000d5580000,0x00000000d5c00000,0x00000000d5c00000)
  from space 1024K, 60% used [0x00000000d5d80000,0x00000000d5e1bb60,0x00000000d5e80000)
  to   space 1024K, 0% used [0x00000000d5c80000,0x00000000d5c80000,0x00000000d5d80000)
 ParOldGen       total 84992K, used 84510K [0x0000000080000000, 0x0000000085300000, 0x00000000d5580000)
  object space 84992K, 99% used [0x0000000080000000,0x0000000085287ad0,0x0000000085300000)
 Metaspace       used 65726K, committed 67264K, reserved 1114112K
  class space    used 6948K, committed 7616K, reserved 1048576K
}
Event: 44.403 GC heap after
{Heap after GC invocations=110 (full 3):
 PSYoungGen      total 7680K, used 608K [0x00000000d5580000, 0x00000000d5e00000, 0x0000000100000000)
  eden space 6656K, 0% used [0x00000000d5580000,0x00000000d5580000,0x00000000d5c00000)
  from space 1024K, 59% used [0x00000000d5c80000,0x00000000d5d18020,0x00000000d5d80000)
  to   space 512K, 0% used [0x00000000d5d80000,0x00000000d5d80000,0x00000000d5e00000)
 ParOldGen       total 85504K, used 85066K [0x0000000080000000, 0x0000000085380000, 0x00000000d5580000)
  object space 85504K, 99% used [0x0000000080000000,0x0000000085312890,0x0000000085380000)
 Metaspace       used 65726K, committed 67264K, reserved 1114112K
  class space    used 6948K, committed 7616K, reserved 1048576K
}
Event: 44.441 GC heap before
{Heap before GC invocations=111 (full 3):
 PSYoungGen      total 7680K, used 7264K [0x00000000d5580000, 0x00000000d5e00000, 0x0000000100000000)
  eden space 6656K, 100% used [0x00000000d5580000,0x00000000d5c00000,0x00000000d5c00000)
  from space 1024K, 59% used [0x00000000d5c80000,0x00000000d5d18020,0x00000000d5d80000)
  to   space 512K, 0% used [0x00000000d5d80000,0x00000000d5d80000,0x00000000d5e00000)
 ParOldGen       total 85504K, used 85066K [0x0000000080000000, 0x0000000085380000, 0x00000000d5580000)
  object space 85504K, 99% used [0x0000000080000000,0x0000000085312890,0x0000000085380000)
 Metaspace       used 65763K, committed 67264K, reserved 1114112K
  class space    used 6951K, committed 7616K, reserved 1048576K
}
Event: 44.443 GC heap after
{Heap after GC invocations=111 (full 3):
 PSYoungGen      total 7168K, used 495K [0x00000000d5580000, 0x00000000d5f00000, 0x0000000100000000)
  eden space 6656K, 0% used [0x00000000d5580000,0x00000000d5580000,0x00000000d5c00000)
  from space 512K, 96% used [0x00000000d5d80000,0x00000000d5dfbce0,0x00000000d5e00000)
  to   space 1536K, 0% used [0x00000000d5c00000,0x00000000d5c00000,0x00000000d5d80000)
 ParOldGen       total 86016K, used 85799K [0x0000000080000000, 0x0000000085400000, 0x00000000d5580000)
  object space 86016K, 99% used [0x0000000080000000,0x00000000853c9c18,0x0000000085400000)
 Metaspace       used 65763K, committed 67264K, reserved 1114112K
  class space    used 6951K, committed 7616K, reserved 1048576K
}
Event: 44.484 GC heap before
{Heap before GC invocations=112 (full 3):
 PSYoungGen      total 7168K, used 7151K [0x00000000d5580000, 0x00000000d5f00000, 0x0000000100000000)
  eden space 6656K, 100% used [0x00000000d5580000,0x00000000d5c00000,0x00000000d5c00000)
  from space 512K, 96% used [0x00000000d5d80000,0x00000000d5dfbce0,0x00000000d5e00000)
  to   space 1536K, 0% used [0x00000000d5c00000,0x00000000d5c00000,0x00000000d5d80000)
 ParOldGen       total 86016K, used 85799K [0x0000000080000000, 0x0000000085400000, 0x00000000d5580000)
  object space 86016K, 99% used [0x0000000080000000,0x00000000853c9c18,0x0000000085400000)
 Metaspace       used 65774K, committed 67328K, reserved 1114112K
  class space    used 6951K, committed 7616K, reserved 1048576K
}
Event: 44.486 GC heap after
{Heap after GC invocations=112 (full 3):
 PSYoungGen      total 8192K, used 1161K [0x00000000d5580000, 0x00000000d5f00000, 0x0000000100000000)
  eden space 6656K, 0% used [0x00000000d5580000,0x00000000d5580000,0x00000000d5c00000)
  from space 1536K, 75% used [0x00000000d5c00000,0x00000000d5d22618,0x00000000d5d80000)
  to   space 1536K, 0% used [0x00000000d5d80000,0x00000000d5d80000,0x00000000d5f00000)
 ParOldGen       total 86528K, used 86321K [0x0000000080000000, 0x0000000085480000, 0x00000000d5580000)
  object space 86528K, 99% used [0x0000000080000000,0x000000008544c5d8,0x0000000085480000)
 Metaspace       used 65774K, committed 67328K, reserved 1114112K
  class space    used 6951K, committed 7616K, reserved 1048576K
}
Event: 45.567 GC heap before
{Heap before GC invocations=113 (full 3):
 PSYoungGen      total 8192K, used 7814K [0x00000000d5580000, 0x00000000d5f00000, 0x0000000100000000)
  eden space 6656K, 99% used [0x00000000d5580000,0x00000000d5bff508,0x00000000d5c00000)
  from space 1536K, 75% used [0x00000000d5c00000,0x00000000d5d22618,0x00000000d5d80000)
  to   space 1536K, 0% used [0x00000000d5d80000,0x00000000d5d80000,0x00000000d5f00000)
 ParOldGen       total 86528K, used 86321K [0x0000000080000000, 0x0000000085480000, 0x00000000d5580000)
  object space 86528K, 99% used [0x0000000080000000,0x000000008544c5d8,0x0000000085480000)
 Metaspace       used 66143K, committed 67648K, reserved 1114112K
  class space    used 6979K, committed 7616K, reserved 1048576K
}
Event: 45.570 GC heap after
{Heap after GC invocations=113 (full 3):
 PSYoungGen      total 7168K, used 256K [0x00000000d5580000, 0x00000000d5e00000, 0x0000000100000000)
  eden space 6656K, 0% used [0x00000000d5580000,0x00000000d5580000,0x00000000d5c00000)
  from space 512K, 50% used [0x00000000d5d80000,0x00000000d5dc0000,0x00000000d5e00000)
  to   space 1024K, 0% used [0x00000000d5c00000,0x00000000d5c00000,0x00000000d5d00000)
 ParOldGen       total 87040K, used 86609K [0x0000000080000000, 0x0000000085500000, 0x00000000d5580000)
  object space 87040K, 99% used [0x0000000080000000,0x00000000854944b8,0x0000000085500000)
 Metaspace       used 66143K, committed 67648K, reserved 1114112K
  class space    used 6979K, committed 7616K, reserved 1048576K
}
Event: 47.461 GC heap before
{Heap before GC invocations=114 (full 3):
 PSYoungGen      total 7168K, used 6912K [0x00000000d5580000, 0x00000000d5e00000, 0x0000000100000000)
  eden space 6656K, 100% used [0x00000000d5580000,0x00000000d5c00000,0x00000000d5c00000)
  from space 512K, 50% used [0x00000000d5d80000,0x00000000d5dc0000,0x00000000d5e00000)
  to   space 1024K, 0% used [0x00000000d5c00000,0x00000000d5c00000,0x00000000d5d00000)
 ParOldGen       total 87040K, used 86609K [0x0000000080000000, 0x0000000085500000, 0x00000000d5580000)
  object space 87040K, 99% used [0x0000000080000000,0x00000000854944b8,0x0000000085500000)
 Metaspace       used 66340K, committed 67904K, reserved 1114112K
  class space    used 6996K, committed 7680K, reserved 1048576K
}
Event: 47.462 GC heap after
{Heap after GC invocations=114 (full 3):
 PSYoungGen      total 7680K, used 384K [0x00000000d5580000, 0x00000000d5e00000, 0x0000000100000000)
  eden space 6656K, 0% used [0x00000000d5580000,0x00000000d5580000,0x00000000d5c00000)
  from space 1024K, 37% used [0x00000000d5c00000,0x00000000d5c60020,0x00000000d5d00000)
  to   space 512K, 0% used [0x00000000d5d80000,0x00000000d5d80000,0x00000000d5e00000)
 ParOldGen       total 87040K, used 86777K [0x0000000080000000, 0x0000000085500000, 0x00000000d5580000)
  object space 87040K, 99% used [0x0000000080000000,0x00000000854be4b8,0x0000000085500000)
 Metaspace       used 66340K, committed 67904K, reserved 1114112K
  class space    used 6996K, committed 7680K, reserved 1048576K
}
Event: 49.715 GC heap before
{Heap before GC invocations=115 (full 3):
 PSYoungGen      total 7680K, used 7039K [0x00000000d5580000, 0x00000000d5e00000, 0x0000000100000000)
  eden space 6656K, 99% used [0x00000000d5580000,0x00000000d5bfff78,0x00000000d5c00000)
  from space 1024K, 37% used [0x00000000d5c00000,0x00000000d5c60020,0x00000000d5d00000)
  to   space 512K, 0% used [0x00000000d5d80000,0x00000000d5d80000,0x00000000d5e00000)
 ParOldGen       total 87040K, used 86777K [0x0000000080000000, 0x0000000085500000, 0x00000000d5580000)
  object space 87040K, 99% used [0x0000000080000000,0x00000000854be4b8,0x0000000085500000)
 Metaspace       used 66488K, committed 68032K, reserved 1114112K
  class space    used 7010K, committed 7680K, reserved 1048576K
}
Event: 49.716 GC heap after
{Heap after GC invocations=115 (full 3):
 PSYoungGen      total 7168K, used 256K [0x00000000d5580000, 0x00000000d5e00000, 0x0000000100000000)
  eden space 6656K, 0% used [0x00000000d5580000,0x00000000d5580000,0x00000000d5c00000)
  from space 512K, 50% used [0x00000000d5d80000,0x00000000d5dc0000,0x00000000d5e00000)
  to   space 512K, 0% used [0x00000000d5d00000,0x00000000d5d00000,0x00000000d5d80000)
 ParOldGen       total 87040K, used 86945K [0x0000000080000000, 0x0000000085500000, 0x00000000d5580000)
  object space 87040K, 99% used [0x0000000080000000,0x00000000854e84e8,0x0000000085500000)
 Metaspace       used 66488K, committed 68032K, reserved 1114112K
  class space    used 7010K, committed 7680K, reserved 1048576K
}

